    1      600      4.2234      4.5453      5.7547      3.5083      3.3382      4.7823      1.6697      2.8567      2.4853      6.8575      6.4695      5.1930
    2      700      3.0379      2.4295      2.6220      3.0459      4.4140      2.1543      1.5789      2.4242      1.7199      3.2587      3.6067      4.7489
    3      800      2.5277      2.2008      3.0960      1.9997      3.5220      2.7779      1.1793      2.9453      2.1773      2.4733      3.1018      3.2437
    4      900      2.5913      1.7133      2.6256      2.2473      2.8283      2.2402      1.4247      1.5470      2.2282      1.6951      2.3043      2.5145
    5     1000      2.4041      1.7755      2.2495      2.0445      2.4445      1.7702      1.9637      1.5105      1.5533      1.6520      2.3515      2.2712
    6     1100      2.4938      1.6096      2.0037      1.7257      2.0533      1.3694      2.0993      1.6661      1.6086      1.3369      2.0162      1.6473
    7     1200      2.5521      1.5836      1.6803      1.7655      1.8823      1.2305      1.8843      1.5311      1.7670      1.2609      2.2550      1.2422
    8     1300      2.2960      1.5014      1.3948      1.6786      1.4940      1.3035      1.5150      1.3572      1.7297      1.2966      1.9091      1.1232
    9     1400      2.0678      1.4875      1.3011      1.6765      1.3688      1.2550      1.4414      1.2638      1.7174      1.3751      1.8967      1.1102
   10     1500      2.0379      1.4488      1.3908      1.6137      1.3196      1.2164      1.4519      1.2177      1.6059      1.4937      2.0853      1.1671
   11     1600      2.1336      1.4913      1.4943      1.7245      1.3162      1.2447      1.4183      1.3605      1.5725      1.5764      2.0781      1.3179
   12     1700      2.1448      1.4674      1.5390      1.9611      1.3803      1.3252      1.3490      1.5971      1.5736      1.6517      1.7935      1.3890
   13     1800      2.1263      1.4750      1.5918      2.1502      1.5424      1.4520      1.3189      1.8064      1.6260      1.7415      1.6171      1.4008
   14     1900      1.9658      1.4775      1.5813      2.0859      1.6727      1.5966      1.3071      1.9697      1.6313      1.7029      1.4788      1.3799
   15     2000      1.6548      1.3915      1.5530      1.8150      1.7043      1.6783      1.2876      1.9963      1.5408      1.5373      1.3920      1.3200
   16     2100      1.4692      1.3209      1.5094      1.6772      1.7133      1.6565      1.2641      1.8948      1.5275      1.3915      1.3363      1.3166
   17     2200      1.3470      1.2712      1.4295      1.5848      1.5858      1.5671      1.2651      1.7830      1.5354      1.2864      1.2586      1.2560
   18     2300      1.2760      1.2424      1.3541      1.4249      1.4847      1.4555      1.2618      1.6683      1.5418      1.2284      1.2083      1.2114
   19     2400      1.2227      1.2143      1.2914      1.3268      1.3624      1.3785      1.2293      1.5376      1.5281      1.1824      1.1772      1.1798
   20     2500      1.1801      1.2064      1.2490      1.2487      1.2735      1.2883      1.1868      1.4387      1.5448      1.1635      1.1405      1.1592
   21     2600      1.1570      1.2083      1.2262      1.1995      1.2187      1.2354      1.1503      1.4185      1.5699      1.1583      1.1043      1.1506
   22     2700      1.1333      1.2114      1.2129      1.1531      1.1814      1.1946      1.1332      1.4112      1.5330      1.1544      1.0861      1.1575
   23     2800      1.1387      1.1915      1.1931      1.1206      1.1604      1.2000      1.1308      1.4034      1.5187      1.1354      1.0862      1.1501
   24     2900      1.1600      1.1771      1.1953      1.0991      1.1616      1.2062      1.1311      1.3804      1.4714      1.1195      1.1003      1.1406
   25     3000      1.1946      1.1691      1.2022      1.0863      1.1730      1.2177      1.1293      1.3346      1.3804      1.1171      1.1069      1.1366
   26     3100      1.2423      1.1767      1.1827      1.0792      1.1682      1.2489      1.1490      1.2579      1.2843      1.1028      1.1028      1.1330
   27     3200      1.3223      1.1569      1.1731      1.0687      1.1511      1.2664      1.1710      1.1736      1.1831      1.0886      1.0845      1.1399
   28     3300      1.4263      1.1358      1.1672      1.0602      1.1360      1.2960      1.1755      1.1213      1.1252      1.0923      1.0877      1.1488
   29     3400      1.4144      1.0969      1.1509      1.0466      1.1421      1.3345      1.1885      1.1035      1.1008      1.1014      1.0911      1.1547
   30     3500      1.4004      1.0722      1.1451      1.0415      1.1633      1.3460      1.1797      1.1058      1.0908      1.1136      1.0931      1.1946
   31     3600      1.3184      1.0606      1.1492      1.0391      1.1850      1.3101      1.1607      1.1033      1.0794      1.1283      1.1010      1.1965
   32     3700      1.2435      1.0547      1.1733      1.0409      1.1890      1.2461      1.1480      1.1088      1.0783      1.1214      1.0980      1.1737
   33     3800      1.1928      1.0436      1.1706      1.0388      1.1754      1.2372      1.1271      1.0915      1.0717      1.1239      1.1038      1.1571
   34     3900      1.1577      1.0387      1.1532      1.0342      1.1427      1.2031      1.1052      1.0761      1.0649      1.1290      1.1119      1.1551
   35     4000      1.1307      1.0437      1.1274      1.0296      1.1003      1.1976      1.0900      1.0568      1.0561      1.1274      1.1096      1.1438
   36     4100      1.1181      1.0525      1.0984      1.0338      1.0805      1.1873      1.0745      1.0417      1.0534      1.1298      1.1079      1.1366
   37     4200      1.1021      1.0670      1.0850      1.0538      1.0794      1.1417      1.0591      1.0370      1.0537      1.1297      1.1126      1.1213
   38     4300      1.0946      1.0645      1.0718      1.0838      1.0766      1.1128      1.0483      1.0269      1.0519      1.1189      1.1098      1.0956
   39     4400      1.0876      1.0700      1.0573      1.1158      1.0799      1.0870      1.0425      1.0194      1.0492      1.0948      1.0887      1.0791
   40     4500      1.0683      1.0726      1.0498      1.1420      1.0837      1.0634      1.0474      1.0225      1.0514      1.0802      1.0739      1.0731
   41     4600      1.0516      1.0888      1.0432      1.1611      1.0828      1.0587      1.0545      1.0247      1.0443      1.0802      1.0688      1.0676
   42     4700      1.0372      1.0984      1.0331      1.1838      1.0750      1.0526      1.0611      1.0276      1.0436      1.0742      1.0620      1.0643
   43     4800      1.0302      1.0930      1.0225      1.1837      1.0689      1.0496      1.0557      1.0273      1.0426      1.0731      1.0586      1.0648
   44     4900      1.0298      1.0960      1.0185      1.1844      1.0652      1.0538      1.0456      1.0293      1.0436      1.0691      1.0531      1.0722
   45     5000      1.0285      1.0998      1.0155      1.1898      1.0665      1.0531      1.0379      1.0281      1.0401      1.0603      1.0464      1.0761
   46     5100      1.0285      1.0988      1.0142      1.1769      1.0673      1.0532      1.0353      1.0258      1.0382      1.0613      1.0492      1.0823
   47     5200      1.0317      1.0978      1.0151      1.1545      1.0673      1.0496      1.0360      1.0264      1.0345      1.0644      1.0493      1.0871
   48     5300      1.0300      1.0937      1.0184      1.1397      1.0669      1.0439      1.0388      1.0329      1.0345      1.0593      1.0397      1.0890
   49     5400      1.0295      1.0929      1.0195      1.1294      1.0586      1.0397      1.0438      1.0363      1.0328      1.0573      1.0371      1.0907
   50     5500      1.0333      1.0954      1.0185      1.1189      1.0486      1.0331      1.0540      1.0413      1.0340      1.0496      1.0320      1.0923
   51     5600      1.0360      1.0990      1.0189      1.1126      1.0461      1.0350      1.0669      1.0425      1.0337      1.0399      1.0297      1.0918
   52     5700      1.0362      1.0990      1.0219      1.1033      1.0436      1.0368      1.0871      1.0490      1.0354      1.0375      1.0315      1.0931
   53     5800      1.0349      1.0977      1.0279      1.0927      1.0405      1.0343      1.1050      1.0528      1.0378      1.0378      1.0323      1.0942
   54     5900      1.0286      1.0908      1.0378      1.0840      1.0411      1.0343      1.1132      1.0500      1.0434      1.0369      1.0314      1.0894
   55     6000      1.0276      1.0771      1.0434      1.0749      1.0422      1.0377      1.1276      1.0526      1.0483      1.0409      1.0305      1.0781
   56     6100      1.0295      1.0644      1.0456      1.0599      1.0365      1.0401      1.1434      1.0539      1.0501      1.0481      1.0315      1.0676
   57     6200      1.0337      1.0610      1.0449      1.0502      1.0330      1.0432      1.1592      1.0567      1.0462      1.0531      1.0300      1.0620
   58     6300      1.0389      1.0594      1.0432      1.0411      1.0297      1.0428      1.1686      1.0594      1.0468      1.0552      1.0266      1.0619
   59     6400      1.0462      1.0574      1.0382      1.0376      1.0286      1.0444      1.1699      1.0636      1.0526      1.0551      1.0251      1.0655
   60     6500      1.0538      1.0513      1.0357      1.0370      1.0282      1.0443      1.1728      1.0687      1.0560      1.0499      1.0264      1.0696
   61     6600      1.0495      1.0457      1.0368      1.0365      1.0299      1.0444      1.1701      1.0699      1.0571      1.0503      1.0253      1.0687
   62     6700      1.0455      1.0420      1.0441      1.0373      1.0339      1.0477      1.1565      1.0692      1.0588      1.0517      1.0271      1.0618
   63     6800      1.0450      1.0417      1.0511      1.0339      1.0336      1.0537      1.1442      1.0717      1.0607      1.0536      1.0291      1.0617
   64     6900      1.0443      1.0432      1.0608      1.0297      1.0333      1.0602      1.1399      1.0744      1.0590      1.0570      1.0341      1.0642
   65     7000      1.0416      1.0403      1.0679      1.0264      1.0352      1.0663      1.1364      1.0684      1.0571      1.0617      1.0375      1.0676
   66     7100      1.0409      1.0362      1.0712      1.0279      1.0393      1.0735      1.1291      1.0630      1.0561      1.0645      1.0385      1.0691
   67     7200      1.0426      1.0334      1.0696      1.0302      1.0434      1.0831      1.1240      1.0543      1.0553      1.0671      1.0384      1.0715
   68     7300      1.0454      1.0327      1.0697      1.0302      1.0427      1.0889      1.1194      1.0506      1.0563      1.0692      1.0387      1.0760
   69     7400      1.0495      1.0306      1.0659      1.0348      1.0422      1.0969      1.1062      1.0443      1.0578      1.0715      1.0411      1.0845
   70     7500      1.0523      1.0294      1.0657      1.0385      1.0437      1.1048      1.0911      1.0378      1.0589      1.0645      1.0364      1.0900
   71     7600      1.0530      1.0300      1.0645      1.0364      1.0428      1.1121      1.0845      1.0366      1.0598      1.0611      1.0345      1.0909
   72     7700      1.0526      1.0313      1.0712      1.0335      1.0417      1.1071      1.0854      1.0398      1.0593      1.0624      1.0348      1.0891
   73     7800      1.0500      1.0317      1.0715      1.0286      1.0380      1.1032      1.0840      1.0419      1.0591      1.0574      1.0330      1.0834
   74     7900      1.0472      1.0345      1.0697      1.0263      1.0355      1.1019      1.0850      1.0447      1.0618      1.0531      1.0346      1.0784
   75     8000      1.0468      1.0373      1.0675      1.0255      1.0357      1.1019      1.0923      1.0484      1.0690      1.0520      1.0380      1.0734
   76     8100      1.0465      1.0378      1.0664      1.0244      1.0349      1.0957      1.0955      1.0463      1.0765      1.0496      1.0419      1.0685
   77     8200      1.0455      1.0377      1.0661      1.0237      1.0371      1.0952      1.0952      1.0430      1.0808      1.0460      1.0436      1.0625
   78     8300      1.0407      1.0357      1.0669      1.0258      1.0398      1.0974      1.0935      1.0388      1.0843      1.0464      1.0485      1.0580
   79     8400      1.0357      1.0320      1.0645      1.0270      1.0406      1.0925      1.0919      1.0372      1.0856      1.0455      1.0484      1.0554
   80     8500      1.0323      1.0289      1.0559      1.0280      1.0404      1.0819      1.0835      1.0352      1.0811      1.0419      1.0448      1.0510
   81     8600      1.0298      1.0260      1.0511      1.0276      1.0361      1.0741      1.0765      1.0348      1.0775      1.0430      1.0462      1.0477
   82     8700      1.0261      1.0236      1.0474      1.0263      1.0302      1.0678      1.0703      1.0373      1.0800      1.0450      1.0478      1.0430
   83     8800      1.0255      1.0238      1.0435      1.0284      1.0287      1.0647      1.0679      1.0403      1.0797      1.0429      1.0485      1.0414
   84     8900      1.0247      1.0240      1.0379      1.0308      1.0297      1.0627      1.0667      1.0445      1.0805      1.0405      1.0480      1.0424
   85     9000      1.0252      1.0258      1.0360      1.0296      1.0299      1.0625      1.0658      1.0472      1.0827      1.0403      1.0501      1.0415
   86     9100      1.0264      1.0272      1.0321      1.0273      1.0312      1.0589      1.0661      1.0486      1.0837      1.0397      1.0543      1.0411
   87     9200      1.0264      1.0262      1.0276      1.0253      1.0326      1.0612      1.0673      1.0513      1.0870      1.0361      1.0581      1.0396
   88     9300      1.0225      1.0271      1.0237      1.0229      1.0352      1.0636      1.0672      1.0510      1.0861      1.0321      1.0621      1.0353
   89     9400      1.0206      1.0277      1.0204      1.0229      1.0369      1.0648      1.0685      1.0498      1.0830      1.0283      1.0642      1.0295
   90     9500      1.0187      1.0288      1.0191      1.0234      1.0376      1.0632      1.0685      1.0492      1.0780      1.0263      1.0646      1.0261
   91     9600      1.0173      1.0315      1.0185      1.0239      1.0364      1.0627      1.0671      1.0440      1.0745      1.0252      1.0641      1.0235
   92     9700      1.0167      1.0330      1.0164      1.0266      1.0381      1.0615      1.0634      1.0401      1.0724      1.0256      1.0611      1.0212
   93     9800      1.0159      1.0340      1.0138      1.0302      1.0400      1.0608      1.0616      1.0387      1.0697      1.0258      1.0594      1.0203
   94     9900      1.0159      1.0342      1.0128      1.0316      1.0412      1.0612      1.0595      1.0390      1.0686      1.0246      1.0586      1.0189
   95    10000      1.0154      1.0344      1.0143      1.0341      1.0437      1.0621      1.0576      1.0377      1.0640      1.0196      1.0545      1.0193
   96    10100      1.0154      1.0369      1.0139      1.0372      1.0461      1.0620      1.0556      1.0363      1.0603      1.0159      1.0510      1.0191
   97    10200      1.0156      1.0400      1.0149      1.0409      1.0489      1.0619      1.0552      1.0357      1.0573      1.0152      1.0501      1.0222
   98    10300      1.0151      1.0427      1.0172      1.0443      1.0506      1.0625      1.0558      1.0371      1.0576      1.0160      1.0508      1.0240
   99    10400      1.0156      1.0425      1.0193      1.0465      1.0520      1.0620      1.0548      1.0394      1.0605      1.0163      1.0491      1.0226
  100    10500      1.0168      1.0409      1.0197      1.0487      1.0537      1.0626      1.0522      1.0387      1.0611      1.0141      1.0443      1.0208
  101    10600      1.0175      1.0413      1.0204      1.0501      1.0566      1.0647      1.0483      1.0359      1.0593      1.0134      1.0426      1.0202
  102    10700      1.0171      1.0371      1.0203      1.0493      1.0600      1.0681      1.0459      1.0354      1.0589      1.0120      1.0408      1.0185
  103    10800      1.0173      1.0348      1.0199      1.0475      1.0610      1.0718      1.0461      1.0363      1.0569      1.0109      1.0418      1.0162
  104    10900      1.0173      1.0345      1.0193      1.0459      1.0590      1.0737      1.0461      1.0392      1.0566      1.0108      1.0424      1.0155
  105    11000      1.0156      1.0344      1.0189      1.0438      1.0546      1.0699      1.0458      1.0409      1.0544      1.0121      1.0406      1.0137
  106    11100      1.0132      1.0327      1.0167      1.0427      1.0537      1.0662      1.0459      1.0420      1.0529      1.0136      1.0368      1.0119
  107    11200      1.0114      1.0315      1.0154      1.0428      1.0561      1.0618      1.0464      1.0436      1.0505      1.0152      1.0335      1.0095
  108    11300      1.0104      1.0311      1.0157      1.0417      1.0597      1.0587      1.0469      1.0451      1.0481      1.0160      1.0312      1.0076
  109    11400      1.0098      1.0325      1.0165      1.0428      1.0639      1.0583      1.0487      1.0461      1.0452      1.0153      1.0292      1.0063
  110    11500      1.0093      1.0341      1.0177      1.0433      1.0672      1.0558      1.0492      1.0450      1.0431      1.0141      1.0253      1.0054
  111    11600      1.0089      1.0349      1.0193      1.0435      1.0715      1.0542      1.0455      1.0430      1.0424      1.0134      1.0217      1.0044
  112    11700      1.0089      1.0357      1.0197      1.0452      1.0760      1.0517      1.0411      1.0426      1.0432      1.0126      1.0206      1.0036
  113    11800      1.0080      1.0338      1.0205      1.0446      1.0792      1.0485      1.0379      1.0405      1.0426      1.0120      1.0198      1.0030
  114    11900      1.0071      1.0307      1.0196      1.0431      1.0786      1.0464      1.0339      1.0389      1.0428      1.0105      1.0184      1.0027
  115    12000      1.0064      1.0283      1.0208      1.0398      1.0752      1.0455      1.0307      1.0389      1.0420      1.0090      1.0169      1.0026
  116    12100      1.0059      1.0270      1.0214      1.0370      1.0734      1.0478      1.0310      1.0420      1.0414      1.0084      1.0168      1.0023
  117    12200      1.0062      1.0271      1.0222      1.0341      1.0729      1.0482      1.0319      1.0453      1.0409      1.0076      1.0163      1.0027
  118    12300      1.0069      1.0265      1.0216      1.0330      1.0725      1.0478      1.0324      1.0480      1.0411      1.0073      1.0161      1.0033
  119    12400      1.0083      1.0259      1.0212      1.0332      1.0709      1.0473      1.0327      1.0480      1.0411      1.0067      1.0161      1.0039
  120    12500      1.0082      1.0248      1.0213      1.0328      1.0700      1.0479      1.0331      1.0476      1.0407      1.0061      1.0146      1.0040
  121    12600      1.0075      1.0241      1.0217      1.0328      1.0672      1.0493      1.0338      1.0471      1.0411      1.0056      1.0144      1.0047
  122    12700      1.0072      1.0248      1.0216      1.0329      1.0639      1.0499      1.0318      1.0431      1.0408      1.0056      1.0152      1.0056
  123    12800      1.0065      1.0260      1.0213      1.0313      1.0572      1.0518      1.0295      1.0392      1.0373      1.0053      1.0171      1.0063
  124    12900      1.0059      1.0278      1.0219      1.0305      1.0509      1.0539      1.0273      1.0359      1.0339      1.0057      1.0192      1.0075
  125    13000      1.0062      1.0295      1.0229      1.0294      1.0474      1.0537      1.0256      1.0336      1.0334      1.0069      1.0199      1.0074
  126    13100      1.0064      1.0298      1.0252      1.0316      1.0453      1.0552      1.0235      1.0318      1.0333      1.0078      1.0191      1.0082
  127    13200      1.0079      1.0292      1.0275      1.0309      1.0442      1.0528      1.0218      1.0316      1.0328      1.0087      1.0189      1.0094
  128    13300      1.0103      1.0282      1.0283      1.0305      1.0437      1.0524      1.0211      1.0321      1.0329      1.0093      1.0192      1.0107
  129    13400      1.0120      1.0256      1.0280      1.0283      1.0413      1.0531      1.0205      1.0325      1.0327      1.0096      1.0188      1.0122
  130    13500      1.0126      1.0248      1.0278      1.0242      1.0365      1.0535      1.0211      1.0320      1.0338      1.0100      1.0173      1.0131
  131    13600      1.0130      1.0253      1.0275      1.0198      1.0334      1.0538      1.0207      1.0290      1.0351      1.0105      1.0167      1.0134
  132    13700      1.0135      1.0253      1.0265      1.0156      1.0315      1.0550      1.0205      1.0268      1.0361      1.0114      1.0157      1.0146
  133    13800      1.0141      1.0270      1.0242      1.0134      1.0300      1.0543      1.0215      1.0253      1.0358      1.0114      1.0141      1.0160
  134    13900      1.0148      1.0304      1.0237      1.0122      1.0289      1.0528      1.0220      1.0239      1.0341      1.0115      1.0128      1.0176
  135    14000      1.0165      1.0308      1.0237      1.0116      1.0294      1.0513      1.0216      1.0232      1.0325      1.0127      1.0125      1.0189
  136    14100      1.0183      1.0302      1.0235      1.0124      1.0318      1.0497      1.0207      1.0221      1.0313      1.0139      1.0121      1.0197
  137    14200      1.0192      1.0289      1.0235      1.0134      1.0326      1.0501      1.0193      1.0211      1.0294      1.0159      1.0121      1.0193
  138    14300      1.0201      1.0284      1.0249      1.0140      1.0324      1.0483      1.0162      1.0194      1.0287      1.0167      1.0115      1.0208
  139    14400      1.0205      1.0279      1.0256      1.0144      1.0315      1.0475      1.0132      1.0179      1.0288      1.0173      1.0119      1.0221
  140    14500      1.0202      1.0288      1.0268      1.0149      1.0308      1.0484      1.0114      1.0176      1.0285      1.0172      1.0115      1.0227
  141    14600      1.0198      1.0295      1.0277      1.0152      1.0305      1.0484      1.0108      1.0174      1.0287      1.0162      1.0104      1.0238
  142    14700      1.0198      1.0294      1.0283      1.0157      1.0301      1.0461      1.0101      1.0166      1.0293      1.0150      1.0097      1.0239
  143    14800      1.0215      1.0307      1.0301      1.0159      1.0294      1.0442      1.0099      1.0164      1.0299      1.0153      1.0093      1.0218
  144    14900      1.0228      1.0328      1.0326      1.0158      1.0287      1.0434      1.0088      1.0163      1.0305      1.0152      1.0089      1.0200
  145    15000      1.0230      1.0354      1.0335      1.0159      1.0277      1.0427      1.0074      1.0161      1.0308      1.0147      1.0081      1.0193
